<?xml version="1.0" encoding="UTF-8"?>
<testng-results ignored="0" total="1" passed="1" failed="0" skipped="0">
  <reporter-output>
  </reporter-output>
  <suite started-at="2022-06-04T14:13:11 EDT" name="Default suite" finished-at="2022-06-04T14:13:23 EDT" duration-ms="11953">
    <groups>
    </groups>
    <test started-at="2022-06-04T14:13:11 EDT" name="Default test" finished-at="2022-06-04T14:13:23 EDT" duration-ms="11953">
      <class name="amazonTest.LoginTest">
        <test-method is-config="true" signature="goToAmazonSite()[pri:0, instance:amazonTest.LoginTest@7957dc72]" started-at="2022-06-04T14:13:11 EDT" name="goToAmazonSite" finished-at="2022-06-04T14:13:11 EDT" duration-ms="59" status="PASS">
          <reporter-output>
          </reporter-output>
        </test-method> <!-- goToAmazonSite -->
        <test-method signature="loginToHomepage()[pri:0, instance:amazonTest.LoginTest@7957dc72]" started-at="2022-06-04T14:13:11 EDT" name="loginToHomepage" finished-at="2022-06-04T14:13:23 EDT" duration-ms="11910" status="PASS">
          <reporter-output>
          </reporter-output>
        </test-method> <!-- loginToHomepage -->
      </class> <!-- amazonTest.LoginTest -->
    </test> <!-- Default test -->
  </suite> <!-- Default suite -->
</testng-results>
